<?xml version="1.0" encoding="UTF-8" ?>
<testsuite tests="1" failures="0" name="com.ibei.reader.service.TestServiceTest" time="0.096" errors="1" skipped="0">
  <properties>
[...]
</properties>
  <testcase classname="com.ibei.reader.service.TestServiceTest" name="batchImport" time="0.096">
    <error message="意外" type="java.lang.RuntimeException">java.lang.RuntimeException: 意外
	at com.ibei.reader.service.TestService.batchImport(TestService.java:18)
	at com.ibei.reader.service.TestService$$FastClassBySpringCGLIB$$8fe68ae3.invoke(&lt;generated&gt;)
	at org.springframework.cglib.proxy.MethodProxy.invoke(MethodProxy.java:218)
	at org.springframework.aop.framework.CglibAopProxy$CglibMethodInvocation.invokeJoinpoint(CglibAopProxy.java:783)
	at org.springframework.aop.framework.ReflectiveMethodInvocation.proceed(ReflectiveMethodInvocation.java:163)
	at org.springframework.aop.framework.CglibAopProxy$CglibMethodInvocation.proceed(CglibAopProxy.java:753)
	at org.springframework.transaction.interceptor.TransactionInterceptor$1.proceedWithInvocation(TransactionInterceptor.java:123)
	at org.springframework.transaction.interceptor.TransactionAspectSupport.invokeWithinTransaction(TransactionAspectSupport.java:388)
	at org.springframework.transaction.interceptor.TransactionInterceptor.invoke(TransactionInterceptor.java:119)
	at org.springframework.aop.framework.ReflectiveMethodInvocation.proceed(ReflectiveMethodInvocation.java:186)
	at org.springframework.aop.framework.CglibAopProxy$CglibMethodInvocation.proceed(CglibAopProxy.java:753)
	at org.springframework.aop.framework.CglibAopProxy$DynamicAdvisedInterceptor.intercept(CglibAopProxy.java:698)
	at com.ibei.reader.service.TestService$$EnhancerBySpringCGLIB$$eff028be.batchImport(&lt;generated&gt;)
	at com.ibei.reader.service.TestServiceTest.batchImport(TestServiceTest.java:19)
	at sun.reflect.NativeMethodAccessorImpl.invoke0(Native Method)
	at sun.reflect.NativeMethodAccessorImpl.invoke(NativeMethodAccessorImpl.java:62)
	at sun.reflect.DelegatingMethodAccessorImpl.invoke(DelegatingMethodAccessorImpl.java:43)
	at java.lang.reflect.Method.invoke(Method.java:498)
	at org.junit.runners.model.FrameworkMethod$1.runReflectiveCall(FrameworkMethod.java:59)
	at org.junit.internal.runners.model.ReflectiveCallable.run(ReflectiveCallable.java:12)
	at org.junit.runners.model.FrameworkMethod.invokeExplosively(FrameworkMethod.java:56)
	at org.junit.internal.runners.statements.InvokeMethod.evaluate(InvokeMethod.java:17)
	at org.springframework.test.context.junit4.statements.RunBeforeTestExecutionCallbacks.evaluate(RunBeforeTestExecutionCallbacks.java:74)
	at org.springframework.test.context.junit4.statements.RunAfterTestExecutionCallbacks.evaluate(RunAfterTestExecutionCallbacks.java:84)
	at org.springframework.test.context.junit4.statements.RunBeforeTestMethodCallbacks.evaluate(RunBeforeTestMethodCallbacks.java:75)
	at org.springframework.test.context.junit4.statements.RunAfterTestMethodCallbacks.evaluate(RunAfterTestMethodCallbacks.java:86)
	at org.springframework.test.context.junit4.statements.SpringRepeat.evaluate(SpringRepeat.java:84)
	at org.junit.runners.ParentRunner.runLeaf(ParentRunner.java:366)
	at org.springframework.test.context.junit4.SpringJUnit4ClassRunner.runChild(SpringJUnit4ClassRunner.java:251)
	at org.springframework.test.context.junit4.SpringJUnit4ClassRunner.runChild(SpringJUnit4ClassRunner.java:97)
	at org.junit.runners.ParentRunner$4.run(ParentRunner.java:331)
	at org.junit.runners.ParentRunner$1.schedule(ParentRunner.java:79)
	at org.junit.runners.ParentRunner.runChildren(ParentRunner.java:329)
	at org.junit.runners.ParentRunner.access$100(ParentRunner.java:66)
	at org.junit.runners.ParentRunner$2.evaluate(ParentRunner.java:293)
	at org.springframework.test.context.junit4.statements.RunBeforeTestClassCallbacks.evaluate(RunBeforeTestClassCallbacks.java:61)
	at org.springframework.test.context.junit4.statements.RunAfterTestClassCallbacks.evaluate(RunAfterTestClassCallbacks.java:70)
	at org.junit.runners.ParentRunner$3.evaluate(ParentRunner.java:306)
	at org.junit.runners.ParentRunner.run(ParentRunner.java:413)
	at org.springframework.test.context.junit4.SpringJUnit4ClassRunner.run(SpringJUnit4ClassRunner.java:190)
	at org.apache.maven.surefire.junit4.JUnit4Provider.execute(JUnit4Provider.java:252)
	at org.apache.maven.surefire.junit4.JUnit4Provider.executeTestSet(JUnit4Provider.java:141)
	at org.apache.maven.surefire.junit4.JUnit4Provider.invoke(JUnit4Provider.java:112)
	at sun.reflect.NativeMethodAccessorImpl.invoke0(Native Method)
	at sun.reflect.NativeMethodAccessorImpl.invoke(NativeMethodAccessorImpl.java:62)
	at sun.reflect.DelegatingMethodAccessorImpl.invoke(DelegatingMethodAccessorImpl.java:43)
	at java.lang.reflect.Method.invoke(Method.java:498)
	at org.apache.maven.surefire.util.ReflectionUtils.invokeMethodWithArray(ReflectionUtils.java:189)
	at org.apache.maven.surefire.booter.ProviderFactory$ProviderProxy.invoke(ProviderFactory.java:165)
	at org.apache.maven.surefire.booter.ProviderFactory.invokeProvider(ProviderFactory.java:85)
	at org.apache.maven.surefire.booter.ForkedBooter.runSuitesInProcess(ForkedBooter.java:115)
	at org.apache.maven.surefire.booter.ForkedBooter.main(ForkedBooter.java:75)
</error>
    <system-out>22:13:21 DEBUG [main] o.s.t.c.c.DefaultCacheAwareContextLoaderDelegate - Retrieved ApplicationContext [454325163] from cache with key [[MergedContextConfiguration@3eabe84a testClass = BookServiceImplTest, locations = &apos;{classpath:applicationContext.xml}&apos;, classes = &apos;{}&apos;, contextInitializerClasses = &apos;[]&apos;, activeProfiles = &apos;{}&apos;, propertySourceLocations = &apos;{}&apos;, propertySourceProperties = &apos;{}&apos;, contextCustomizers = set[[empty]], contextLoader = &apos;org.springframework.test.context.support.DelegatingSmartContextLoader&apos;, parent = [null]]]
22:13:21 DEBUG [main] o.s.test.context.cache - Spring test ApplicationContext cache statistics: [DefaultContextCache@5a101b1c size = 1, maxSize = 32, parentContextCount = 0, hitCount = 22, missCount = 1]
22:13:21 DEBUG [main] o.s.t.c.s.AbstractDirtiesContextTestExecutionListener - After test class: context [DefaultTestContext@5e671e20 testClass = BookServiceImplTest, testInstance = [null], testMethod = [null], testException = [null], mergedContextConfiguration = [MergedContextConfiguration@3eabe84a testClass = BookServiceImplTest, locations = &apos;{classpath:applicationContext.xml}&apos;, classes = &apos;{}&apos;, contextInitializerClasses = &apos;[]&apos;, activeProfiles = &apos;{}&apos;, propertySourceLocations = &apos;{}&apos;, propertySourceProperties = &apos;{}&apos;, contextCustomizers = set[[empty]], contextLoader = &apos;org.springframework.test.context.support.DelegatingSmartContextLoader&apos;, parent = [null]], attributes = map[&apos;org.springframework.test.context.event.ApplicationEventsTestExecutionListener.recordApplicationEvents&apos; -&gt; false]], class annotated with @DirtiesContext [false] with mode [null].
22:13:21 DEBUG [main] o.s.t.c.j.SpringJUnit4ClassRunner - SpringJUnit4ClassRunner constructor called with [class com.ibei.reader.service.TestServiceTest]
22:13:21 DEBUG [main] o.s.t.context.BootstrapUtils - Instantiating CacheAwareContextLoaderDelegate from class [org.springframework.test.context.cache.DefaultCacheAwareContextLoaderDelegate]
22:13:21 DEBUG [main] o.s.t.context.BootstrapUtils - Instantiating BootstrapContext using constructor [public org.springframework.test.context.support.DefaultBootstrapContext(java.lang.Class,org.springframework.test.context.CacheAwareContextLoaderDelegate)]
22:13:21 DEBUG [main] o.s.t.context.BootstrapUtils - Instantiating TestContextBootstrapper for test class [com.ibei.reader.service.TestServiceTest] from class [org.springframework.test.context.support.DefaultTestContextBootstrapper]
22:13:21 DEBUG [main] o.s.t.c.s.AbstractDelegatingSmartContextLoader - Delegating to GenericXmlContextLoader to process context configuration [ContextConfigurationAttributes@47af099e declaringClass = &apos;com.ibei.reader.service.TestServiceTest&apos;, classes = &apos;{}&apos;, locations = &apos;{classpath:applicationContext.xml}&apos;, inheritLocations = true, initializers = &apos;{}&apos;, inheritInitializers = true, name = [null], contextLoaderClass = &apos;org.springframework.test.context.ContextLoader&apos;].
22:13:21 DEBUG [main] o.s.t.c.s.ActiveProfilesUtils - Could not find an &apos;annotation declaring class&apos; for annotation type [org.springframework.test.context.ActiveProfiles] and class [com.ibei.reader.service.TestServiceTest]
22:13:21 DEBUG [main] o.s.t.c.s.DefaultTestContextBootstrapper - @TestExecutionListeners is not present for class [com.ibei.reader.service.TestServiceTest]: using defaults.
22:13:21 INFO  [main] o.s.t.c.s.DefaultTestContextBootstrapper - Loaded default TestExecutionListener class names from location [META-INF/spring.factories]: [org.springframework.test.context.web.ServletTestExecutionListener, org.springframework.test.context.support.DirtiesContextBeforeModesTestExecutionListener, org.springframework.test.context.event.ApplicationEventsTestExecutionListener, org.springframework.test.context.support.DependencyInjectionTestExecutionListener, org.springframework.test.context.support.DirtiesContextTestExecutionListener, org.springframework.test.context.transaction.TransactionalTestExecutionListener, org.springframework.test.context.jdbc.SqlScriptsTestExecutionListener, org.springframework.test.context.event.EventPublishingTestExecutionListener]
22:13:21 INFO  [main] o.s.t.c.s.DefaultTestContextBootstrapper - Using TestExecutionListeners: [org.springframework.test.context.web.ServletTestExecutionListener@700f518a, org.springframework.test.context.support.DirtiesContextBeforeModesTestExecutionListener@b835727, org.springframework.test.context.event.ApplicationEventsTestExecutionListener@13da7ab0, org.springframework.test.context.support.DependencyInjectionTestExecutionListener@2c8662ac, org.springframework.test.context.support.DirtiesContextTestExecutionListener@260ff5b7, org.springframework.test.context.transaction.TransactionalTestExecutionListener@3724b43e, org.springframework.test.context.jdbc.SqlScriptsTestExecutionListener@77eb5790, org.springframework.test.context.event.EventPublishingTestExecutionListener@68e7c8c3]
22:13:21 DEBUG [main] o.s.t.a.ProfileValueUtils - Retrieved @ProfileValueSourceConfiguration [null] for test class [com.ibei.reader.service.TestServiceTest]
22:13:21 DEBUG [main] o.s.t.a.ProfileValueUtils - Retrieved ProfileValueSource type [class org.springframework.test.annotation.SystemProfileValueSource] for class [com.ibei.reader.service.TestServiceTest]
22:13:21 DEBUG [main] o.s.t.a.ProfileValueUtils - Retrieved @ProfileValueSourceConfiguration [null] for test class [com.ibei.reader.service.TestServiceTest]
22:13:21 DEBUG [main] o.s.t.a.ProfileValueUtils - Retrieved ProfileValueSource type [class org.springframework.test.annotation.SystemProfileValueSource] for class [com.ibei.reader.service.TestServiceTest]
22:13:21 DEBUG [main] o.s.t.a.ProfileValueUtils - Retrieved @ProfileValueSourceConfiguration [null] for test class [com.ibei.reader.service.TestServiceTest]
22:13:21 DEBUG [main] o.s.t.a.ProfileValueUtils - Retrieved ProfileValueSource type [class org.springframework.test.annotation.SystemProfileValueSource] for class [com.ibei.reader.service.TestServiceTest]
22:13:21 DEBUG [main] o.s.t.a.ProfileValueUtils - Retrieved @ProfileValueSourceConfiguration [null] for test class [com.ibei.reader.service.TestServiceTest]
22:13:21 DEBUG [main] o.s.t.a.ProfileValueUtils - Retrieved ProfileValueSource type [class org.springframework.test.annotation.SystemProfileValueSource] for class [com.ibei.reader.service.TestServiceTest]
22:13:21 DEBUG [main] o.s.t.c.s.AbstractDirtiesContextTestExecutionListener - Before test class: context [DefaultTestContext@319c3a25 testClass = TestServiceTest, testInstance = [null], testMethod = [null], testException = [null], mergedContextConfiguration = [MergedContextConfiguration@238bfd6c testClass = TestServiceTest, locations = &apos;{classpath:applicationContext.xml}&apos;, classes = &apos;{}&apos;, contextInitializerClasses = &apos;[]&apos;, activeProfiles = &apos;{}&apos;, propertySourceLocations = &apos;{}&apos;, propertySourceProperties = &apos;{}&apos;, contextCustomizers = set[[empty]], contextLoader = &apos;org.springframework.test.context.support.DelegatingSmartContextLoader&apos;, parent = [null]], attributes = map[[empty]]], class annotated with @DirtiesContext [false] with mode [null].
22:13:21 DEBUG [main] o.s.t.c.c.DefaultCacheAwareContextLoaderDelegate - Retrieved ApplicationContext [454325163] from cache with key [[MergedContextConfiguration@238bfd6c testClass = TestServiceTest, locations = &apos;{classpath:applicationContext.xml}&apos;, classes = &apos;{}&apos;, contextInitializerClasses = &apos;[]&apos;, activeProfiles = &apos;{}&apos;, propertySourceLocations = &apos;{}&apos;, propertySourceProperties = &apos;{}&apos;, contextCustomizers = set[[empty]], contextLoader = &apos;org.springframework.test.context.support.DelegatingSmartContextLoader&apos;, parent = [null]]]
22:13:21 DEBUG [main] o.s.test.context.cache - Spring test ApplicationContext cache statistics: [DefaultContextCache@5a101b1c size = 1, maxSize = 32, parentContextCount = 0, hitCount = 23, missCount = 1]
22:13:21 DEBUG [main] o.s.t.a.ProfileValueUtils - Retrieved @ProfileValueSourceConfiguration [null] for test class [com.ibei.reader.service.TestServiceTest]
22:13:21 DEBUG [main] o.s.t.a.ProfileValueUtils - Retrieved ProfileValueSource type [class org.springframework.test.annotation.SystemProfileValueSource] for class [com.ibei.reader.service.TestServiceTest]
22:13:21 DEBUG [main] o.s.t.c.s.DependencyInjectionTestExecutionListener - Performing dependency injection for test context [[DefaultTestContext@319c3a25 testClass = TestServiceTest, testInstance = com.ibei.reader.service.TestServiceTest@ef1695a, testMethod = [null], testException = [null], mergedContextConfiguration = [MergedContextConfiguration@238bfd6c testClass = TestServiceTest, locations = &apos;{classpath:applicationContext.xml}&apos;, classes = &apos;{}&apos;, contextInitializerClasses = &apos;[]&apos;, activeProfiles = &apos;{}&apos;, propertySourceLocations = &apos;{}&apos;, propertySourceProperties = &apos;{}&apos;, contextCustomizers = set[[empty]], contextLoader = &apos;org.springframework.test.context.support.DelegatingSmartContextLoader&apos;, parent = [null]], attributes = map[&apos;org.springframework.test.context.event.ApplicationEventsTestExecutionListener.recordApplicationEvents&apos; -&gt; false]]].
22:13:21 DEBUG [main] o.s.t.c.c.DefaultCacheAwareContextLoaderDelegate - Retrieved ApplicationContext [454325163] from cache with key [[MergedContextConfiguration@238bfd6c testClass = TestServiceTest, locations = &apos;{classpath:applicationContext.xml}&apos;, classes = &apos;{}&apos;, contextInitializerClasses = &apos;[]&apos;, activeProfiles = &apos;{}&apos;, propertySourceLocations = &apos;{}&apos;, propertySourceProperties = &apos;{}&apos;, contextCustomizers = set[[empty]], contextLoader = &apos;org.springframework.test.context.support.DelegatingSmartContextLoader&apos;, parent = [null]]]
22:13:21 DEBUG [main] o.s.test.context.cache - Spring test ApplicationContext cache statistics: [DefaultContextCache@5a101b1c size = 1, maxSize = 32, parentContextCount = 0, hitCount = 24, missCount = 1]
22:13:21 DEBUG [main] o.s.t.c.c.DefaultCacheAwareContextLoaderDelegate - Retrieved ApplicationContext [454325163] from cache with key [[MergedContextConfiguration@238bfd6c testClass = TestServiceTest, locations = &apos;{classpath:applicationContext.xml}&apos;, classes = &apos;{}&apos;, contextInitializerClasses = &apos;[]&apos;, activeProfiles = &apos;{}&apos;, propertySourceLocations = &apos;{}&apos;, propertySourceProperties = &apos;{}&apos;, contextCustomizers = set[[empty]], contextLoader = &apos;org.springframework.test.context.support.DelegatingSmartContextLoader&apos;, parent = [null]]]
22:13:21 DEBUG [main] o.s.test.context.cache - Spring test ApplicationContext cache statistics: [DefaultContextCache@5a101b1c size = 1, maxSize = 32, parentContextCount = 0, hitCount = 25, missCount = 1]
22:13:21 DEBUG [main] o.s.t.c.s.AbstractDirtiesContextTestExecutionListener - Before test method: context [DefaultTestContext@319c3a25 testClass = TestServiceTest, testInstance = com.ibei.reader.service.TestServiceTest@ef1695a, testMethod = batchImport@TestServiceTest, testException = [null], mergedContextConfiguration = [MergedContextConfiguration@238bfd6c testClass = TestServiceTest, locations = &apos;{classpath:applicationContext.xml}&apos;, classes = &apos;{}&apos;, contextInitializerClasses = &apos;[]&apos;, activeProfiles = &apos;{}&apos;, propertySourceLocations = &apos;{}&apos;, propertySourceProperties = &apos;{}&apos;, contextCustomizers = set[[empty]], contextLoader = &apos;org.springframework.test.context.support.DelegatingSmartContextLoader&apos;, parent = [null]], attributes = map[&apos;org.springframework.test.context.event.ApplicationEventsTestExecutionListener.recordApplicationEvents&apos; -&gt; false]], class annotated with @DirtiesContext [false] with mode [null], method annotated with @DirtiesContext [false] with mode [null].
22:13:21 DEBUG [main] o.s.t.c.c.DefaultCacheAwareContextLoaderDelegate - Retrieved ApplicationContext [454325163] from cache with key [[MergedContextConfiguration@238bfd6c testClass = TestServiceTest, locations = &apos;{classpath:applicationContext.xml}&apos;, classes = &apos;{}&apos;, contextInitializerClasses = &apos;[]&apos;, activeProfiles = &apos;{}&apos;, propertySourceLocations = &apos;{}&apos;, propertySourceProperties = &apos;{}&apos;, contextCustomizers = set[[empty]], contextLoader = &apos;org.springframework.test.context.support.DelegatingSmartContextLoader&apos;, parent = [null]]]
22:13:21 DEBUG [main] o.s.test.context.cache - Spring test ApplicationContext cache statistics: [DefaultContextCache@5a101b1c size = 1, maxSize = 32, parentContextCount = 0, hitCount = 26, missCount = 1]
22:13:21 DEBUG [main] o.s.t.c.c.DefaultCacheAwareContextLoaderDelegate - Retrieved ApplicationContext [454325163] from cache with key [[MergedContextConfiguration@238bfd6c testClass = TestServiceTest, locations = &apos;{classpath:applicationContext.xml}&apos;, classes = &apos;{}&apos;, contextInitializerClasses = &apos;[]&apos;, activeProfiles = &apos;{}&apos;, propertySourceLocations = &apos;{}&apos;, propertySourceProperties = &apos;{}&apos;, contextCustomizers = set[[empty]], contextLoader = &apos;org.springframework.test.context.support.DelegatingSmartContextLoader&apos;, parent = [null]]]
22:13:21 DEBUG [main] o.s.test.context.cache - Spring test ApplicationContext cache statistics: [DefaultContextCache@5a101b1c size = 1, maxSize = 32, parentContextCount = 0, hitCount = 27, missCount = 1]
22:13:21 DEBUG [main] o.s.j.d.DataSourceTransactionManager - Creating new transaction with name [com.ibei.reader.service.TestService.batchImport]: PROPAGATION_REQUIRED,ISOLATION_DEFAULT
22:13:21 DEBUG [main] o.s.j.d.DataSourceTransactionManager - Acquired Connection [com.mysql.cj.jdbc.ConnectionImpl@68217d41] for JDBC transaction
22:13:21 DEBUG [main] o.s.j.d.DataSourceTransactionManager - Switching JDBC Connection [com.mysql.cj.jdbc.ConnectionImpl@68217d41] to manual commit
22:13:22 DEBUG [main] o.m.spring.SqlSessionUtils - Creating a new SqlSession
22:13:22 DEBUG [main] o.m.spring.SqlSessionUtils - Registering transaction synchronization for SqlSession [org.apache.ibatis.session.defaults.DefaultSqlSession@bfc14b9]
22:13:22 DEBUG [main] o.m.s.t.SpringManagedTransaction - JDBC Connection [com.mysql.cj.jdbc.ConnectionImpl@68217d41] will be managed by Spring
22:13:22 DEBUG [main] c.i.r.m.T.insertSample - ==&gt;  Preparing: insert into test(content) values(&apos;测试内容&apos;)
22:13:22 DEBUG [main] c.i.r.m.T.insertSample - ==&gt; Parameters: 
22:13:22 DEBUG [main] c.i.r.m.T.insertSample - &lt;==    Updates: 1
22:13:22 DEBUG [main] o.m.spring.SqlSessionUtils - Releasing transactional SqlSession [org.apache.ibatis.session.defaults.DefaultSqlSession@bfc14b9]
22:13:22 DEBUG [main] o.m.spring.SqlSessionUtils - Fetched SqlSession [org.apache.ibatis.session.defaults.DefaultSqlSession@bfc14b9] from current transaction
22:13:22 DEBUG [main] c.i.r.m.T.insertSample - ==&gt;  Preparing: insert into test(content) values(&apos;测试内容&apos;)
22:13:22 DEBUG [main] c.i.r.m.T.insertSample - ==&gt; Parameters: 
22:13:22 DEBUG [main] c.i.r.m.T.insertSample - &lt;==    Updates: 1
22:13:22 DEBUG [main] o.m.spring.SqlSessionUtils - Releasing transactional SqlSession [org.apache.ibatis.session.defaults.DefaultSqlSession@bfc14b9]
22:13:22 DEBUG [main] o.m.spring.SqlSessionUtils - Fetched SqlSession [org.apache.ibatis.session.defaults.DefaultSqlSession@bfc14b9] from current transaction
22:13:22 DEBUG [main] c.i.r.m.T.insertSample - ==&gt;  Preparing: insert into test(content) values(&apos;测试内容&apos;)
22:13:22 DEBUG [main] c.i.r.m.T.insertSample - ==&gt; Parameters: 
22:13:22 DEBUG [main] c.i.r.m.T.insertSample - &lt;==    Updates: 1
22:13:22 DEBUG [main] o.m.spring.SqlSessionUtils - Releasing transactional SqlSession [org.apache.ibatis.session.defaults.DefaultSqlSession@bfc14b9]
22:13:22 DEBUG [main] o.m.spring.SqlSessionUtils - Transaction synchronization deregistering SqlSession [org.apache.ibatis.session.defaults.DefaultSqlSession@bfc14b9]
22:13:22 DEBUG [main] o.m.spring.SqlSessionUtils - Transaction synchronization closing SqlSession [org.apache.ibatis.session.defaults.DefaultSqlSession@bfc14b9]
22:13:22 DEBUG [main] o.s.j.d.DataSourceTransactionManager - Initiating transaction rollback
22:13:22 DEBUG [main] o.s.j.d.DataSourceTransactionManager - Rolling back JDBC transaction on Connection [com.mysql.cj.jdbc.ConnectionImpl@68217d41]
22:13:22 DEBUG [main] o.s.j.d.DataSourceTransactionManager - Releasing JDBC Connection [com.mysql.cj.jdbc.ConnectionImpl@68217d41] after transaction
22:13:22 DEBUG [main] o.s.t.c.c.DefaultCacheAwareContextLoaderDelegate - Retrieved ApplicationContext [454325163] from cache with key [[MergedContextConfiguration@238bfd6c testClass = TestServiceTest, locations = &apos;{classpath:applicationContext.xml}&apos;, classes = &apos;{}&apos;, contextInitializerClasses = &apos;[]&apos;, activeProfiles = &apos;{}&apos;, propertySourceLocations = &apos;{}&apos;, propertySourceProperties = &apos;{}&apos;, contextCustomizers = set[[empty]], contextLoader = &apos;org.springframework.test.context.support.DelegatingSmartContextLoader&apos;, parent = [null]]]
22:13:22 DEBUG [main] o.s.test.context.cache - Spring test ApplicationContext cache statistics: [DefaultContextCache@5a101b1c size = 1, maxSize = 32, parentContextCount = 0, hitCount = 28, missCount = 1]
22:13:22 DEBUG [main] o.s.t.c.c.DefaultCacheAwareContextLoaderDelegate - Retrieved ApplicationContext [454325163] from cache with key [[MergedContextConfiguration@238bfd6c testClass = TestServiceTest, locations = &apos;{classpath:applicationContext.xml}&apos;, classes = &apos;{}&apos;, contextInitializerClasses = &apos;[]&apos;, activeProfiles = &apos;{}&apos;, propertySourceLocations = &apos;{}&apos;, propertySourceProperties = &apos;{}&apos;, contextCustomizers = set[[empty]], contextLoader = &apos;org.springframework.test.context.support.DelegatingSmartContextLoader&apos;, parent = [null]]]
22:13:22 DEBUG [main] o.s.test.context.cache - Spring test ApplicationContext cache statistics: [DefaultContextCache@5a101b1c size = 1, maxSize = 32, parentContextCount = 0, hitCount = 29, missCount = 1]
22:13:22 DEBUG [main] o.s.t.c.s.AbstractDirtiesContextTestExecutionListener - After test method: context [DefaultTestContext@319c3a25 testClass = TestServiceTest, testInstance = com.ibei.reader.service.TestServiceTest@ef1695a, testMethod = batchImport@TestServiceTest, testException = java.lang.RuntimeException: 意外, mergedContextConfiguration = [MergedContextConfiguration@238bfd6c testClass = TestServiceTest, locations = &apos;{classpath:applicationContext.xml}&apos;, classes = &apos;{}&apos;, contextInitializerClasses = &apos;[]&apos;, activeProfiles = &apos;{}&apos;, propertySourceLocations = &apos;{}&apos;, propertySourceProperties = &apos;{}&apos;, contextCustomizers = set[[empty]], contextLoader = &apos;org.springframework.test.context.support.DelegatingSmartContextLoader&apos;, parent = [null]], attributes = map[&apos;org.springframework.test.context.event.ApplicationEventsTestExecutionListener.recordApplicationEvents&apos; -&gt; false]], class annotated with @DirtiesContext [false] with mode [null], method annotated with @DirtiesContext [false] with mode [null].
</system-out>
  </testcase>
</testsuite>